c:\users\albert\skydrive\programming\project_curs\project_curs\debug\project_curs.pch
c:\users\albert\skydrive\programming\project_curs\project_curs\debug\stdafx.obj
c:\users\albert\skydrive\programming\project_curs\project_curs\debug\vc100.pdb
c:\users\albert\skydrive\programming\project_curs\project_curs\debug\project_curs.obj
c:\users\albert\skydrive\programming\project_curs\project_curs\debug\assemblyinfo.obj
c:\users\albert\skydrive\programming\project_curs\project_curs\debug\.netframework,version=v4.0.assemblyattributes.obj
c:\users\albert\skydrive\programming\c++\project_curs\project_curs\debug\project_curs.pch
c:\users\albert\skydrive\programming\c++\project_curs\project_curs\debug\stdafx.obj
c:\users\albert\skydrive\programming\c++\project_curs\project_curs\debug\vc100.pdb
c:\users\albert\skydrive\programming\c++\project_curs\project_curs\debug\project_curs.obj
c:\users\albert\skydrive\programming\c++\project_curs\project_curs\debug\assemblyinfo.obj
c:\users\albert\skydrive\programming\project_cursa\project_curs\debug\project_curs.pch
c:\users\albert\skydrive\programming\project_cursa\project_curs\debug\stdafx.obj
c:\users\albert\skydrive\programming\project_cursa\project_curs\debug\vc100.pdb
c:\users\albert\skydrive\programming\project_cursa\project_curs\debug\project_curs.obj
c:\users\albert\skydrive\programming\project_cursa\project_curs\debug\assemblyinfo.obj
c:\users\albert\skydrive\programming\project_cursa\project_curs\debug\form_start.obj
c:\users\albert\skydrive\programming\c++\project_curs\debug\project_curs.ilk
c:\users\albert\skydrive\programming\c++\project_curs\debug\project_curs.exe
c:\users\albert\skydrive\programming\c++\project_curs\project_curs\debug\project_curs.exe.intermediate.manifest
c:\users\albert\skydrive\programming\c++\project_curs\debug\project_curs.pdb
c:\users\albert\skydrive\programming\project_curs\debug\project_curs.ilk
c:\users\albert\skydrive\programming\project_curs\debug\project_curs.exe
c:\users\albert\skydrive\programming\project_curs\project_curs\debug\project_curs.exe.intermediate.manifest
c:\users\albert\skydrive\programming\project_curs\debug\project_curs.pdb
c:\users\albert\skydrive\programming\project_cursa\debug\project_curs.ilk
c:\users\albert\skydrive\programming\project_cursa\debug\project_curs.exe
c:\users\albert\skydrive\programming\project_cursa\project_curs\debug\project_curs.exe.intermediate.manifest
c:\users\albert\skydrive\programming\project_cursa\debug\project_curs.pdb
c:\users\albert\skydrive\programming\project_curs\project_curs\debug\app.res
c:\users\albert\skydrive\programming\c++\project_curs\project_curs\debug\app.res
c:\users\albert\skydrive\programming\project_cursa\project_curs\debug\app.res
c:\users\albert\skydrive\programming\project_cursa - copy\project_curs\debug\project_curs.pch
c:\users\albert\skydrive\programming\project_cursa - copy\project_curs\debug\vc120.pdb
c:\users\albert\skydrive\programming\project_cursa - copy\project_curs\debug\stdafx.obj
c:\users\albert\skydrive\programming\project_cursa - copy\project_curs\debug\project_curs.obj
c:\users\albert\skydrive\programming\project_cursa - copy\project_curs\debug\form_start.obj
c:\users\albert\skydrive\programming\project_cursa - copy\project_curs\debug\assemblyinfo.obj
c:\users\albert\skydrive\programming\project_cursa - copy\project_curs\debug\.netframework,version=v4.5.assemblyattributes.obj
c:\users\albert\skydrive\programming\project_cursa - copy\project_curs\debug\project_curs.form1.resources
c:\users\albert\skydrive\programming\project_cursa - copy\project_curs\debug\project_curs.form_start.resources
c:\users\albert\skydrive\programming\project_cursa - copy\project_curs\debug\app.res
c:\users\albert\skydrive\programming\project_cursa - copy\project_curs\debug\project_curs.vcxproj.generateresource.cache
c:\users\albert\skydrive\programming\project_cursa - copy\project_curs\debug\project_curs.vcxprojresolveassemblyreference.cache
c:\users\albert\skydrive\programming\project_cursa - copy\project_curs\debug\.netframework,version=v4.0.assemblyattributes.obj
c:\users\albert\skydrive\programming\project_cursa - copy\project_curs\debug\cl.command.1.tlog
c:\users\albert\skydrive\programming\project_cursa - copy\project_curs\debug\cl.read.1.tlog
c:\users\albert\skydrive\programming\project_cursa - copy\project_curs\debug\cl.write.1.tlog
c:\users\albert\skydrive\programming\project_cursa - copy\project_curs\debug\link.11004-cvtres.read.1.tlog
c:\users\albert\skydrive\programming\project_cursa - copy\project_curs\debug\link.11004-cvtres.write.1.tlog
c:\users\albert\skydrive\programming\project_cursa - copy\project_curs\debug\link.11004.read.1.tlog
c:\users\albert\skydrive\programming\project_cursa - copy\project_curs\debug\link.11004.write.1.tlog
c:\users\albert\skydrive\programming\project_cursa - copy\project_curs\debug\link.11536-cvtres.read.1.tlog
c:\users\albert\skydrive\programming\project_cursa - copy\project_curs\debug\link.11536-cvtres.write.1.tlog
c:\users\albert\skydrive\programming\project_cursa - copy\project_curs\debug\link.11536.read.1.tlog
c:\users\albert\skydrive\programming\project_cursa - copy\project_curs\debug\link.11536.write.1.tlog
c:\users\albert\skydrive\programming\project_cursa - copy\project_curs\debug\link.12384-cvtres.read.1.tlog
c:\users\albert\skydrive\programming\project_cursa - copy\project_curs\debug\link.12384-cvtres.write.1.tlog
c:\users\albert\skydrive\programming\project_cursa - copy\project_curs\debug\link.12384.read.1.tlog
c:\users\albert\skydrive\programming\project_cursa - copy\project_curs\debug\link.12384.write.1.tlog
c:\users\albert\skydrive\programming\project_cursa - copy\project_curs\debug\link.12816-cvtres.read.1.tlog
c:\users\albert\skydrive\programming\project_cursa - copy\project_curs\debug\link.12816-cvtres.write.1.tlog
c:\users\albert\skydrive\programming\project_cursa - copy\project_curs\debug\link.12816.read.1.tlog
c:\users\albert\skydrive\programming\project_cursa - copy\project_curs\debug\link.12816.write.1.tlog
c:\users\albert\skydrive\programming\project_cursa - copy\project_curs\debug\link.13056-cvtres.read.1.tlog
c:\users\albert\skydrive\programming\project_cursa - copy\project_curs\debug\link.13056-cvtres.write.1.tlog
c:\users\albert\skydrive\programming\project_cursa - copy\project_curs\debug\link.13056.read.1.tlog
c:\users\albert\skydrive\programming\project_cursa - copy\project_curs\debug\link.13056.write.1.tlog
c:\users\albert\skydrive\programming\project_cursa - copy\project_curs\debug\link.13116-cvtres.read.1.tlog
c:\users\albert\skydrive\programming\project_cursa - copy\project_curs\debug\link.13116-cvtres.write.1.tlog
c:\users\albert\skydrive\programming\project_cursa - copy\project_curs\debug\link.13116.read.1.tlog
c:\users\albert\skydrive\programming\project_cursa - copy\project_curs\debug\link.13116.write.1.tlog
c:\users\albert\skydrive\programming\project_cursa - copy\project_curs\debug\link.13616-cvtres.read.1.tlog
c:\users\albert\skydrive\programming\project_cursa - copy\project_curs\debug\link.13616-cvtres.write.1.tlog
c:\users\albert\skydrive\programming\project_cursa - copy\project_curs\debug\link.13616.read.1.tlog
c:\users\albert\skydrive\programming\project_cursa - copy\project_curs\debug\link.13616.write.1.tlog
c:\users\albert\skydrive\programming\project_cursa - copy\project_curs\debug\link.14072-cvtres.read.1.tlog
c:\users\albert\skydrive\programming\project_cursa - copy\project_curs\debug\link.14072-cvtres.write.1.tlog
c:\users\albert\skydrive\programming\project_cursa - copy\project_curs\debug\link.14072.read.1.tlog
c:\users\albert\skydrive\programming\project_cursa - copy\project_curs\debug\link.14072.write.1.tlog
c:\users\albert\skydrive\programming\project_cursa - copy\project_curs\debug\link.14200-cvtres.read.1.tlog
c:\users\albert\skydrive\programming\project_cursa - copy\project_curs\debug\link.14200-cvtres.write.1.tlog
c:\users\albert\skydrive\programming\project_cursa - copy\project_curs\debug\link.14200.read.1.tlog
c:\users\albert\skydrive\programming\project_cursa - copy\project_curs\debug\link.14200.write.1.tlog
c:\users\albert\skydrive\programming\project_cursa - copy\project_curs\debug\link.15432-cvtres.read.1.tlog
c:\users\albert\skydrive\programming\project_cursa - copy\project_curs\debug\link.15432-cvtres.write.1.tlog
c:\users\albert\skydrive\programming\project_cursa - copy\project_curs\debug\link.15432.read.1.tlog
c:\users\albert\skydrive\programming\project_cursa - copy\project_curs\debug\link.15432.write.1.tlog
c:\users\albert\skydrive\programming\project_cursa - copy\project_curs\debug\link.16100-cvtres.read.1.tlog
c:\users\albert\skydrive\programming\project_cursa - copy\project_curs\debug\link.16100-cvtres.write.1.tlog
c:\users\albert\skydrive\programming\project_cursa - copy\project_curs\debug\link.16100.read.1.tlog
c:\users\albert\skydrive\programming\project_cursa - copy\project_curs\debug\link.16100.write.1.tlog
c:\users\albert\skydrive\programming\project_cursa - copy\project_curs\debug\link.16928-cvtres.read.1.tlog
c:\users\albert\skydrive\programming\project_cursa - copy\project_curs\debug\link.16928-cvtres.write.1.tlog
c:\users\albert\skydrive\programming\project_cursa - copy\project_curs\debug\link.16928.read.1.tlog
c:\users\albert\skydrive\programming\project_cursa - copy\project_curs\debug\link.16928.write.1.tlog
c:\users\albert\skydrive\programming\project_cursa - copy\project_curs\debug\link.17336-cvtres.read.1.tlog
c:\users\albert\skydrive\programming\project_cursa - copy\project_curs\debug\link.17336-cvtres.write.1.tlog
c:\users\albert\skydrive\programming\project_cursa - copy\project_curs\debug\link.17336.read.1.tlog
c:\users\albert\skydrive\programming\project_cursa - copy\project_curs\debug\link.17336.write.1.tlog
c:\users\albert\skydrive\programming\project_cursa - copy\project_curs\debug\link.19240-cvtres.read.1.tlog
c:\users\albert\skydrive\programming\project_cursa - copy\project_curs\debug\link.19240-cvtres.write.1.tlog
c:\users\albert\skydrive\programming\project_cursa - copy\project_curs\debug\link.19240.read.1.tlog
c:\users\albert\skydrive\programming\project_cursa - copy\project_curs\debug\link.19240.write.1.tlog
c:\users\albert\skydrive\programming\project_cursa - copy\project_curs\debug\link.20140-cvtres.read.1.tlog
c:\users\albert\skydrive\programming\project_cursa - copy\project_curs\debug\link.20140-cvtres.write.1.tlog
c:\users\albert\skydrive\programming\project_cursa - copy\project_curs\debug\link.20140.read.1.tlog
c:\users\albert\skydrive\programming\project_cursa - copy\project_curs\debug\link.20140.write.1.tlog
c:\users\albert\skydrive\programming\project_cursa - copy\project_curs\debug\link.20828-cvtres.read.1.tlog
c:\users\albert\skydrive\programming\project_cursa - copy\project_curs\debug\link.20828-cvtres.write.1.tlog
c:\users\albert\skydrive\programming\project_cursa - copy\project_curs\debug\link.20828.read.1.tlog
c:\users\albert\skydrive\programming\project_cursa - copy\project_curs\debug\link.20828.write.1.tlog
c:\users\albert\skydrive\programming\project_cursa - copy\project_curs\debug\link.2544-cvtres.read.1.tlog
c:\users\albert\skydrive\programming\project_cursa - copy\project_curs\debug\link.2544-cvtres.write.1.tlog
c:\users\albert\skydrive\programming\project_cursa - copy\project_curs\debug\link.2544.read.1.tlog
c:\users\albert\skydrive\programming\project_cursa - copy\project_curs\debug\link.2544.write.1.tlog
c:\users\albert\skydrive\programming\project_cursa - copy\project_curs\debug\link.32996-cvtres.read.1.tlog
c:\users\albert\skydrive\programming\project_cursa - copy\project_curs\debug\link.32996-cvtres.write.1.tlog
c:\users\albert\skydrive\programming\project_cursa - copy\project_curs\debug\link.32996.read.1.tlog
c:\users\albert\skydrive\programming\project_cursa - copy\project_curs\debug\link.32996.write.1.tlog
c:\users\albert\skydrive\programming\project_cursa - copy\project_curs\debug\link.34304-cvtres.read.1.tlog
c:\users\albert\skydrive\programming\project_cursa - copy\project_curs\debug\link.34304-cvtres.write.1.tlog
c:\users\albert\skydrive\programming\project_cursa - copy\project_curs\debug\link.34304.read.1.tlog
c:\users\albert\skydrive\programming\project_cursa - copy\project_curs\debug\link.34304.write.1.tlog
c:\users\albert\skydrive\programming\project_cursa - copy\project_curs\debug\link.34616-cvtres.read.1.tlog
c:\users\albert\skydrive\programming\project_cursa - copy\project_curs\debug\link.34616-cvtres.write.1.tlog
c:\users\albert\skydrive\programming\project_cursa - copy\project_curs\debug\link.34616.read.1.tlog
c:\users\albert\skydrive\programming\project_cursa - copy\project_curs\debug\link.34616.write.1.tlog
c:\users\albert\skydrive\programming\project_cursa - copy\project_curs\debug\link.34776-cvtres.read.1.tlog
c:\users\albert\skydrive\programming\project_cursa - copy\project_curs\debug\link.34776-cvtres.write.1.tlog
c:\users\albert\skydrive\programming\project_cursa - copy\project_curs\debug\link.34776.read.1.tlog
c:\users\albert\skydrive\programming\project_cursa - copy\project_curs\debug\link.34776.write.1.tlog
c:\users\albert\skydrive\programming\project_cursa - copy\project_curs\debug\link.34952-cvtres.read.1.tlog
c:\users\albert\skydrive\programming\project_cursa - copy\project_curs\debug\link.34952-cvtres.write.1.tlog
c:\users\albert\skydrive\programming\project_cursa - copy\project_curs\debug\link.34952.read.1.tlog
c:\users\albert\skydrive\programming\project_cursa - copy\project_curs\debug\link.34952.write.1.tlog
c:\users\albert\skydrive\programming\project_cursa - copy\project_curs\debug\link.35264-cvtres.read.1.tlog
c:\users\albert\skydrive\programming\project_cursa - copy\project_curs\debug\link.35264-cvtres.write.1.tlog
c:\users\albert\skydrive\programming\project_cursa - copy\project_curs\debug\link.35264.read.1.tlog
c:\users\albert\skydrive\programming\project_cursa - copy\project_curs\debug\link.35264.write.1.tlog
c:\users\albert\skydrive\programming\project_cursa - copy\project_curs\debug\link.35312-cvtres.read.1.tlog
c:\users\albert\skydrive\programming\project_cursa - copy\project_curs\debug\link.35312-cvtres.write.1.tlog
c:\users\albert\skydrive\programming\project_cursa - copy\project_curs\debug\link.35312.read.1.tlog
c:\users\albert\skydrive\programming\project_cursa - copy\project_curs\debug\link.35312.write.1.tlog
c:\users\albert\skydrive\programming\project_cursa - copy\project_curs\debug\link.35324-cvtres.read.1.tlog
c:\users\albert\skydrive\programming\project_cursa - copy\project_curs\debug\link.35324-cvtres.write.1.tlog
c:\users\albert\skydrive\programming\project_cursa - copy\project_curs\debug\link.35324.read.1.tlog
c:\users\albert\skydrive\programming\project_cursa - copy\project_curs\debug\link.35324.write.1.tlog
c:\users\albert\skydrive\programming\project_cursa - copy\project_curs\debug\link.35340-cvtres.read.1.tlog
c:\users\albert\skydrive\programming\project_cursa - copy\project_curs\debug\link.35340-cvtres.write.1.tlog
c:\users\albert\skydrive\programming\project_cursa - copy\project_curs\debug\link.35340.read.1.tlog
c:\users\albert\skydrive\programming\project_cursa - copy\project_curs\debug\link.35340.write.1.tlog
c:\users\albert\skydrive\programming\project_cursa - copy\project_curs\debug\link.35504-cvtres.read.1.tlog
c:\users\albert\skydrive\programming\project_cursa - copy\project_curs\debug\link.35504-cvtres.write.1.tlog
c:\users\albert\skydrive\programming\project_cursa - copy\project_curs\debug\link.35504.read.1.tlog
c:\users\albert\skydrive\programming\project_cursa - copy\project_curs\debug\link.35504.write.1.tlog
c:\users\albert\skydrive\programming\project_cursa - copy\project_curs\debug\link.35640-cvtres.read.1.tlog
c:\users\albert\skydrive\programming\project_cursa - copy\project_curs\debug\link.35640-cvtres.write.1.tlog
c:\users\albert\skydrive\programming\project_cursa - copy\project_curs\debug\link.35640.read.1.tlog
c:\users\albert\skydrive\programming\project_cursa - copy\project_curs\debug\link.35640.write.1.tlog
c:\users\albert\skydrive\programming\project_cursa - copy\project_curs\debug\link.35688-cvtres.read.1.tlog
c:\users\albert\skydrive\programming\project_cursa - copy\project_curs\debug\link.35688-cvtres.write.1.tlog
c:\users\albert\skydrive\programming\project_cursa - copy\project_curs\debug\link.35688.read.1.tlog
c:\users\albert\skydrive\programming\project_cursa - copy\project_curs\debug\link.35688.write.1.tlog
c:\users\albert\skydrive\programming\project_cursa - copy\project_curs\debug\link.35760-cvtres.read.1.tlog
c:\users\albert\skydrive\programming\project_cursa - copy\project_curs\debug\link.35760-cvtres.write.1.tlog
c:\users\albert\skydrive\programming\project_cursa - copy\project_curs\debug\link.35760.read.1.tlog
c:\users\albert\skydrive\programming\project_cursa - copy\project_curs\debug\link.35760.write.1.tlog
c:\users\albert\skydrive\programming\project_cursa - copy\project_curs\debug\link.36172-cvtres.read.1.tlog
c:\users\albert\skydrive\programming\project_cursa - copy\project_curs\debug\link.36172-cvtres.write.1.tlog
c:\users\albert\skydrive\programming\project_cursa - copy\project_curs\debug\link.36172.read.1.tlog
c:\users\albert\skydrive\programming\project_cursa - copy\project_curs\debug\link.36172.write.1.tlog
c:\users\albert\skydrive\programming\project_cursa - copy\project_curs\debug\link.36184-cvtres.read.1.tlog
c:\users\albert\skydrive\programming\project_cursa - copy\project_curs\debug\link.36184-cvtres.write.1.tlog
c:\users\albert\skydrive\programming\project_cursa - copy\project_curs\debug\link.36184.read.1.tlog
c:\users\albert\skydrive\programming\project_cursa - copy\project_curs\debug\link.36184.write.1.tlog
c:\users\albert\skydrive\programming\project_cursa - copy\project_curs\debug\link.36472-cvtres.read.1.tlog
c:\users\albert\skydrive\programming\project_cursa - copy\project_curs\debug\link.36472-cvtres.write.1.tlog
c:\users\albert\skydrive\programming\project_cursa - copy\project_curs\debug\link.36472.read.1.tlog
c:\users\albert\skydrive\programming\project_cursa - copy\project_curs\debug\link.36472.write.1.tlog
c:\users\albert\skydrive\programming\project_cursa - copy\project_curs\debug\link.36588-cvtres.read.1.tlog
c:\users\albert\skydrive\programming\project_cursa - copy\project_curs\debug\link.36588-cvtres.write.1.tlog
c:\users\albert\skydrive\programming\project_cursa - copy\project_curs\debug\link.36588.read.1.tlog
c:\users\albert\skydrive\programming\project_cursa - copy\project_curs\debug\link.36588.write.1.tlog
c:\users\albert\skydrive\programming\project_cursa - copy\project_curs\debug\link.36856-cvtres.read.1.tlog
c:\users\albert\skydrive\programming\project_cursa - copy\project_curs\debug\link.36856-cvtres.write.1.tlog
c:\users\albert\skydrive\programming\project_cursa - copy\project_curs\debug\link.36856.read.1.tlog
c:\users\albert\skydrive\programming\project_cursa - copy\project_curs\debug\link.36856.write.1.tlog
c:\users\albert\skydrive\programming\project_cursa - copy\project_curs\debug\link.38180-cvtres.read.1.tlog
c:\users\albert\skydrive\programming\project_cursa - copy\project_curs\debug\link.38180-cvtres.write.1.tlog
c:\users\albert\skydrive\programming\project_cursa - copy\project_curs\debug\link.38180.read.1.tlog
c:\users\albert\skydrive\programming\project_cursa - copy\project_curs\debug\link.38180.write.1.tlog
c:\users\albert\skydrive\programming\project_cursa - copy\project_curs\debug\link.4196-cvtres.read.1.tlog
c:\users\albert\skydrive\programming\project_cursa - copy\project_curs\debug\link.4196-cvtres.write.1.tlog
c:\users\albert\skydrive\programming\project_cursa - copy\project_curs\debug\link.4196.read.1.tlog
c:\users\albert\skydrive\programming\project_cursa - copy\project_curs\debug\link.4196.write.1.tlog
c:\users\albert\skydrive\programming\project_cursa - copy\project_curs\debug\link.5128-cvtres.read.1.tlog
c:\users\albert\skydrive\programming\project_cursa - copy\project_curs\debug\link.5128-cvtres.write.1.tlog
c:\users\albert\skydrive\programming\project_cursa - copy\project_curs\debug\link.5128.read.1.tlog
c:\users\albert\skydrive\programming\project_cursa - copy\project_curs\debug\link.5128.write.1.tlog
c:\users\albert\skydrive\programming\project_cursa - copy\project_curs\debug\link.command.1.tlog
c:\users\albert\skydrive\programming\project_cursa - copy\project_curs\debug\link.read.1.tlog
c:\users\albert\skydrive\programming\project_cursa - copy\project_curs\debug\link.write.1.tlog
c:\users\albert\skydrive\programming\project_cursa - copy\project_curs\debug\mt.command.1.tlog
c:\users\albert\skydrive\programming\project_cursa - copy\project_curs\debug\mt.read.1.tlog
c:\users\albert\skydrive\programming\project_cursa - copy\project_curs\debug\mt.write.1.tlog
c:\users\albert\skydrive\programming\project_cursa - copy\project_curs\debug\project_curs.write.1.tlog
c:\users\albert\skydrive\programming\project_cursa - copy\project_curs\debug\rc.command.1.tlog
c:\users\albert\skydrive\programming\project_cursa - copy\project_curs\debug\rc.read.1.tlog
c:\users\albert\skydrive\programming\project_cursa - copy\project_curs\debug\rc.write.1.tlog
c:\users\albert\skydrive\programming\project_cursa - copy\project_curs\debug\project_curs.exe.intermediate.manifest
c:\users\albert\skydrive\programming\project_cursa - copy\project_curs\debug\vc100.pdb
c:\users\albert\skydrive\programming\project_cursa - copy\debug\project_curs.pdb
c:\users\albert\skydrive\programming\project_cursa - copy\project_curs\debug\project_curs.tlog\cl.command.1.tlog
c:\users\albert\skydrive\programming\project_cursa - copy\project_curs\debug\project_curs.tlog\cl.read.1.tlog
c:\users\albert\skydrive\programming\project_cursa - copy\project_curs\debug\project_curs.tlog\cl.write.1.tlog
c:\users\albert\skydrive\programming\project_cursa - copy\project_curs\debug\project_curs.tlog\link.2244-cvtres.read.1.tlog
c:\users\albert\skydrive\programming\project_cursa - copy\project_curs\debug\project_curs.tlog\link.2244-cvtres.write.1.tlog
c:\users\albert\skydrive\programming\project_cursa - copy\project_curs\debug\project_curs.tlog\link.2244-rc.read.1.tlog
c:\users\albert\skydrive\programming\project_cursa - copy\project_curs\debug\project_curs.tlog\link.2244-rc.write.1.tlog
c:\users\albert\skydrive\programming\project_cursa - copy\project_curs\debug\project_curs.tlog\link.2244.read.1.tlog
c:\users\albert\skydrive\programming\project_cursa - copy\project_curs\debug\project_curs.tlog\link.2244.write.1.tlog
c:\users\albert\skydrive\programming\project_cursa - copy\project_curs\debug\project_curs.tlog\link.command.1.tlog
c:\users\albert\skydrive\programming\project_cursa - copy\project_curs\debug\project_curs.tlog\link.read.1.tlog
c:\users\albert\skydrive\programming\project_cursa - copy\project_curs\debug\project_curs.tlog\link.write.1.tlog
c:\users\albert\skydrive\programming\project_cursa - copy\project_curs\debug\project_curs.tlog\metagen.read.1.tlog
c:\users\albert\skydrive\programming\project_cursa - copy\project_curs\debug\project_curs.tlog\metagen.write.1.tlog
c:\users\albert\skydrive\programming\project_cursa - copy\project_curs\debug\project_curs.tlog\project_curs.write.1u.tlog
c:\users\albert\skydrive\programming\project_cursa - copy\project_curs\debug\project_curs.tlog\rc.command.1.tlog
c:\users\albert\skydrive\programming\project_cursa - copy\project_curs\debug\project_curs.tlog\rc.read.1.tlog
c:\users\albert\skydrive\programming\project_cursa - copy\project_curs\debug\project_curs.tlog\rc.write.1.tlog
c:\users\albert\skydrive\programming\project_cursa - copy\project_curs\debug\project_curs.tlog\oleaccrc.dll.bi
c:\users\albert\skydrive\programming\project_cursa - copy\project_curs\debug\project_curs.tlog\tzres.dll.bi
